{
  "stats": {
    "suites": 1,
    "tests": 1,
    "passes": 1,
    "pending": 0,
    "failures": 0,
    "testsRegistered": 1,
    "passPercent": 100,
    "pendingPercent": 0,
    "other": 0,
    "hasOther": false,
    "skipped": 0,
    "hasSkipped": false,
    "start": "2023-05-05T13:37:56.585Z",
    "end": "2023-05-05T13:38:02.655Z",
    "duration": 6070
  },
  "results": [
    {
      "uuid": "75f234a7-2557-46bf-8b12-31bf9d797078",
      "title": "",
      "fullFile": "cypress\\e2e\\intercept.spec.cy.js",
      "file": "cypress\\e2e\\intercept.spec.cy.js",
      "beforeHooks": [],
      "afterHooks": [],
      "tests": [],
      "suites": [
        {
          "uuid": "0b285558-a15e-4365-87dd-668fa005b36f",
          "title": "Testes utilizando Intercept",
          "fullFile": "",
          "file": "",
          "beforeHooks": [],
          "afterHooks": [],
          "tests": [
            {
              "title": "Deve preencher a pesquisa e retornar item com sucesso",
              "fullTitle": "Testes utilizando Intercept Deve preencher a pesquisa e retornar item com sucesso",
              "timedOut": null,
              "duration": 5898,
              "state": "passed",
              "speed": "medium",
              "pass": true,
              "fail": false,
              "pending": false,
              "context": null,
              "code": "cy.lupa();\ncy.preencher_pesquisa(dados_padrao.produto);\ncy.lista_produto().should('contain', 'Augusta EBAC Jacket');",
              "err": {},
              "uuid": "e1ba33da-a062-4b4a-b11a-c49d68fdb643",
              "parentUUID": "0b285558-a15e-4365-87dd-668fa005b36f",
              "isHook": false,
              "skipped": false
            }
          ],
          "suites": [],
          "passes": [
            "e1ba33da-a062-4b4a-b11a-c49d68fdb643"
          ],
          "failures": [],
          "pending": [],
          "skipped": [],
          "duration": 5898,
          "root": false,
          "rootEmpty": false,
          "_timeout": 2000
        }
      ],
      "passes": [],
      "failures": [],
      "pending": [],
      "skipped": [],
      "duration": 0,
      "root": true,
      "rootEmpty": true,
      "_timeout": 2000
    }
  ],
  "meta": {
    "mocha": {
      "version": "7.0.1"
    },
    "mochawesome": {
      "options": {
        "quiet": false,
        "reportFilename": "mochawesome",
        "saveHtml": false,
        "saveJson": true,
        "consoleReporter": "spec",
        "useInlineDiffs": false,
        "code": true
      },
      "version": "7.1.3"
    },
    "marge": {
      "options": {
        "reportDir": "cypress/results",
        "overwrite": false,
        "html": false,
        "json": true
      },
      "version": "6.2.0"
    }
  }
}