{
  "stats": {
    "suites": 1,
    "tests": 1,
    "passes": 1,
    "pending": 0,
    "failures": 0,
    "start": "2023-05-05T01:43:07.869Z",
    "end": "2023-05-05T01:43:14.114Z",
    "duration": 6245,
    "testsRegistered": 1,
    "passPercent": 100,
    "pendingPercent": 0,
    "other": 0,
    "hasOther": false,
    "skipped": 0,
    "hasSkipped": false
  },
  "results": [
    {
      "uuid": "f7e1942b-26e4-4d22-9604-8482fadde4ad",
      "title": "",
      "fullFile": "cypress\\e2e\\intercept.spec.cy.js",
      "file": "cypress\\e2e\\intercept.spec.cy.js",
      "beforeHooks": [],
      "afterHooks": [],
      "tests": [],
      "suites": [
        {
          "uuid": "2805b99a-1c98-4832-8f6b-afd4189f346a",
          "title": "Testes utilizando Intercept",
          "fullFile": "",
          "file": "",
          "beforeHooks": [],
          "afterHooks": [],
          "tests": [
            {
              "title": "Deve preencher a pesquisa e retornar item com sucesso",
              "fullTitle": "Testes utilizando Intercept Deve preencher a pesquisa e retornar item com sucesso",
              "timedOut": null,
              "duration": 6076,
              "state": "passed",
              "speed": "medium",
              "pass": true,
              "fail": false,
              "pending": false,
              "context": null,
              "code": "cy.lupa();\ncy.preencher_pesquisa(dados_padrao.produto);\ncy.lista_produto().should('contain', 'Augusta EBAC Jacket');",
              "err": {},
              "uuid": "d30fbb1a-aa22-450e-9afd-78eac41273df",
              "parentUUID": "2805b99a-1c98-4832-8f6b-afd4189f346a",
              "isHook": false,
              "skipped": false
            }
          ],
          "suites": [],
          "passes": [
            "d30fbb1a-aa22-450e-9afd-78eac41273df"
          ],
          "failures": [],
          "pending": [],
          "skipped": [],
          "duration": 6076,
          "root": false,
          "rootEmpty": false,
          "_timeout": 2000
        }
      ],
      "passes": [],
      "failures": [],
      "pending": [],
      "skipped": [],
      "duration": 0,
      "root": true,
      "rootEmpty": true,
      "_timeout": 2000
    }
  ],
  "meta": {
    "mocha": {
      "version": "7.0.1"
    },
    "mochawesome": {
      "options": {
        "quiet": false,
        "reportFilename": "mochawesome",
        "saveHtml": true,
        "saveJson": true,
        "consoleReporter": "spec",
        "useInlineDiffs": false,
        "code": true
      },
      "version": "7.1.3"
    },
    "marge": {
      "options": null,
      "version": "6.2.0"
    }
  }
}